Гойко
Горано
Гоцето
Гоце
Гоцко
Дано
Доган-Бей
Дол
Дудука
Искрата
Лукар
Мента
МикУв
МинФин
Мостоф
Мустака
Оглушарски
Ореха
Орханчо
Орхан
Пожарникарят
Рапан
Рогозин
Сава
Сали
Сергей-Гей
Гей
Султана
ТИКВУН
Тиквата
Тикво
Фънди
ЦВ
Цацар
Цацата
Цац
Цв.
боко
гоцето
гоце
дудука
тиквун
6yy
Рапона
Петьо Еврото
Хер Цаца
Хер
Цаца
Хубавото Наде
Хубавото
Тиквунева
ага
бай
бате
бат

разбойко
боратино от банкя
боратино 
бялата златка
мачо премиер
селянин
цецо
БОКО
Барека
Бареци
Баце
Боко
Болен
Боце
Боцко
Бочко
Брендо
Буда
путин
путлер
джуджето
чехлю
чехльо