Орхан Исмаилов
Радан Кънев
Пламен Орешарски
Полина Кавръкова
Поли Карастоянова
Радан Кънев
Росен Николов
Росен Плевненлиев
Росен Плевнелиев
Румен Йончев
Румен Овчаров
Румен Петков
Светлана Ломева
Сергей Станишев
Симеон Дянков
Славчо Атанасов
Сотир Цацаров
Стати Статев
Стоянчо Александров
Стоян Александров
Татяна Буруджиева
Татяна Дончева
Теменужка Петкова
Тодор Живков
Томислав Дончев
Тони Филипов
Трайчо Трайков
Трайчо Трайко
Фидел Беев
Филип Димитров
Христо Бисеров
Христо Иванов
Цветан Василев
Цветан Василе
Цветан Гунев
Цветан Цветанов
Цвета Василев
Цветелина Бориславова
Цветлин Йовчев
Цеко Минев
Цецка Цачева
Цецо Мустака
Явор Нотев
Янко Янков
румен гечев
Бойко Борисов