ДОГАН
Джамбазки
Ердоган
Жириновски
Калфин
Каракачански
Кличко
Ковачки
Лещарска
Лукарси
Лукарски
Марковска
Меркел
Местан
Октай
Орбан
Орешарски
ПУТИН
Пеевски
Пеевск
Пирински
Прокопиеви
Прокопие
Путин
Пeeвски
Софиянски
Сталийски
Фратини
Янукович
Янчулев
доган
маккейн
местан
орешарски
пеевски
путин
Андреев
БОРИСОВ
Бареков
Батков
Безуханова
Берлускони
Беров
Бисеров
Близнашки
Боев
Божков
Божо
Борисов
Ботев
Брежнев
Бъчварова 
Бъчварова
Вангелов
Василев
Великов
Професор Вучева
г-жа Мая Манолова
г-н Борисов
г-н Дол
г-н Местан
г-н Пеевски
