евро
Евро
лева
Лева
долара
Долара
лв
лв.
ЛВ
ЛВ.
AED
AFN
ALL
AMD
ANG
AOA
ARS
AUD
AWG
AZN
BAM
BBD
BDT
BGN
BHD
BIF
BMD
BND
BOB
BRL
BSD
BTN
BWT
BYR
BZD
CAD
CDF
CHF
CLP
CNY
COP
CRC
CUC
CUP
CVE
CZK
DJF
DKK
DOP
DZD
EGP
ERN
ETB
EUR
EUR
FJD
FKP
GBP
GEL
GGP
GHS
GIP
GMD
GNF
GTQ
GYD
HKD
HNL
HRK
HTG
HUF
IDR
ILS
IMP
INR
IQD
IRR
ISK
JEP
JMD
JOD
JPY
KES
KGS
KHR
KMF
KPW
KRW
KWD
KYD
KZT
LAK
LBP
LKR
LRD
LSL
LTL
LYD
MAD
MDL
MGA
MKD
MMK
MNT
MOP
MRO
MTL
MUR
MVR
MWK
MXN
MYR
MZN
NAD
NGN
NIO
NOK
NPR
NZD
OMR
PAB
PEN
PGK
PHP
PKR
PLN
PWF
PYG
QAR
RON
RSD
RUB
SAR
SBD
SCR
SDG
SEK
SGD
SHP
SLL
SOS
SRD
SSP
STD
SVC
SYP
SZL
THB
TJS
TMT
TND
TOP
TRY
TTD
TWD
TZS
UAH
UGX
USD
UYU
UZS
VEF
VND
VUV
WST
XAF
XCD
XOF
XPF
YER
ZAR
ZMW
ZWL