Акробатика
Бадминтон
Биатлон
Бобслей
Бокс
Борба
Боулинг
Боча
Вдигане на тежести
Ветроходство
Голбал
Голф
Гребане
Джудо
Канадска борба
Кану-каяк
Карате
Картинг
Катерене и алпинизъм
Колоездене на писта
Колоездене на шосе
Колоездене - на писта
Колоездене - на шосе
Конен спорт
Културизъм
Кърлинг
Лека атлетика
Лека атле
Мотоциклетизъм
Плажен волейбол
Плуване
Прескачане на препятствия
Пързаляне с кънки
Самбо
Силов трибой
Синхронно плуване
Скелетон
Ски
Ски бягане
Ски скокове
Ски - свободен стил
Ски - северна комбинация
Скокове във вода
Скокове на батут
Сноуборд
Спортна гимнастика
Спортна стрелба
Спортни танци
Стрелба с лък
Сумо
Таекуондо
Тенис
Тенис на маса
Тенис с колички
Тика
Триатлон
Фехтовка
Фехтовка с колички
Фигурно пързаляне
Художествена гимнастика
Шах
Шейни
Шорттрек
мотокрос
Kану-каяк
Kолоездене
Mаунтийнбайк
Mодерен петобой