акробатика
бадминтон
биатлон
бобслей
бокс
борба
боулинг
боча
вдигане на тежести
ветроходство
голбал
голф
гребане
джудо
канадска борба
кану-каяк
карате
картинг
катерене и алпинизъм
колоездене на писта
колоездене на шосе
колоездене - на писта
колоездене - на шосе
конен спорт
културизъм
кърлинг
лека атлетика
лека атле
мотоциклетизъм
плажен волейбол
плуване
прескачане на препятствия
пързаляне с кънки
самбо
силов трибой
синхронно плуване
скелетон
ски
ски бягане
ски скокове
ски - свободен стил
ски - северна комбинация
скокове във вода
скокове на батут
сноуборд
спортна гимнастика
спортна стрелба
спортни танци
стрелба с лък
сумо
таекуондо
тенис
тенис на маса
тенис с колички
тика
триатлон
фехтовка
фехтовка с колички
фигурно пързаляне
художествена гимнастика
шах
шейни
шорттрек
мотокрос
kану-каяк
kолоездене
mаунтийнбайк
mодерен петобой